{"/Users/monboza/Desktop/Super-Galactic-Age/src/js/EarthAge.js": {"path":"/Users/monboza/Desktop/Super-Galactic-Age/src/js/EarthAge.js","statementMap":{"0":{"start":{"line":3,"column":8},"end":{"line":3,"column":37}},"1":{"start":{"line":4,"column":8},"end":{"line":4,"column":31}},"2":{"start":{"line":5,"column":8},"end":{"line":5,"column":35}},"3":{"start":{"line":8,"column":8},"end":{"line":8,"column":50}},"4":{"start":{"line":11,"column":8},"end":{"line":11,"column":50}},"5":{"start":{"line":14,"column":8},"end":{"line":14,"column":50}},"6":{"start":{"line":17,"column":8},"end":{"line":17,"column":51}}},"fnMap":{"0":{"name":"(anonymous_0)","decl":{"start":{"line":2,"column":4},"end":{"line":2,"column":5}},"loc":{"start":{"line":2,"column":48},"end":{"line":6,"column":5}},"line":2},"1":{"name":"(anonymous_1)","decl":{"start":{"line":7,"column":4},"end":{"line":7,"column":5}},"loc":{"start":{"line":7,"column":19},"end":{"line":9,"column":5}},"line":7},"2":{"name":"(anonymous_2)","decl":{"start":{"line":10,"column":4},"end":{"line":10,"column":5}},"loc":{"start":{"line":10,"column":17},"end":{"line":12,"column":5}},"line":10},"3":{"name":"(anonymous_3)","decl":{"start":{"line":13,"column":4},"end":{"line":13,"column":5}},"loc":{"start":{"line":13,"column":16},"end":{"line":15,"column":5}},"line":13},"4":{"name":"(anonymous_4)","decl":{"start":{"line":16,"column":4},"end":{"line":16,"column":5}},"loc":{"start":{"line":16,"column":19},"end":{"line":18,"column":5}},"line":16}},"branchMap":{},"s":{"0":5,"1":5,"2":5,"3":1,"4":1,"5":1,"6":1},"f":{"0":5,"1":1,"2":1,"3":1,"4":1},"b":{},"_coverageSchema":"1a1c01bbd47fc00a2c39e90264f33305004495a9","hash":"115b31e3029cfcd5a15acd7394b7ce73abe0bc31"}
}
